2026-06-19 00:37:59,897 - INFO - ============================================================
2026-06-19 00:37:59,898 - INFO - Запуск ETL процесса
2026-06-19 00:37:59,898 - INFO - ============================================================
2026-06-19 00:37:59,900 - INFO - Чтение данных из файлов...
2026-06-19 00:37:59,934 - INFO - customers.csv: 715 записей
2026-06-19 00:37:59,962 - INFO - orders.json: 1220 записей
2026-06-19 00:37:59,969 - INFO - payments.csv: 1012 записей
2026-06-19 00:38:00,107 - INFO - events.xml: 1501 записей
2026-06-19 00:38:00,478 - INFO - products.xlsx: 610 записей
2026-06-19 00:38:00,478 - INFO - Добавление служебных записей...
2026-06-19 00:38:00,486 - INFO - Трансформация данных...
2026-06-19 00:38:00,487 - INFO - Обработка customers...
2026-06-19 00:38:00,499 - WARNING - customers: найдено 154 проблемных записей (empty_phone)
2026-06-19 00:38:00,505 - WARNING - customers: найдено 17 проблемных записей (invalid_date)
2026-06-19 00:38:00,517 - INFO - customers: 701 записей
2026-06-19 00:38:00,518 - INFO - Обработка orders...
2026-06-19 00:38:00,527 - WARNING - orders: найдено 36 проблемных записей (invalid_date)
2026-06-19 00:38:00,550 - WARNING - orders: найдено 68 проблемных записей (invalid_customer_id)
2026-06-19 00:38:00,557 - INFO - orders: customer_id заменено -54 невалидных значений на -1
2026-06-19 00:38:00,562 - WARNING - orders: найдено 93 проблемных записей (invalid_product_id)
2026-06-19 00:38:00,564 - INFO - orders: product_id заменено 0 невалидных значений на -1
2026-06-19 00:38:00,566 - INFO - orders: 1201 записей
2026-06-19 00:38:00,567 - INFO - Обработка payments...
2026-06-19 00:38:00,573 - WARNING - payments: найдено 34 проблемных записей (invalid_amount)
2026-06-19 00:38:00,580 - WARNING - payments: найдено 21 проблемных записей (invalid_date)
2026-06-19 00:38:00,591 - WARNING - payments: найдено 69 проблемных записей (invalid_order_id)
2026-06-19 00:38:00,593 - INFO - payments: order_id заменено 0 невалидных значений на -1
2026-06-19 00:38:00,593 - INFO - payments: 1000 записей
2026-06-19 00:38:00,602 - INFO - Обработка events...
2026-06-19 00:38:00,609 - WARNING - events: найдено 51 проблемных записей (invalid_date)
2026-06-19 00:38:00,622 - WARNING - events: найдено 147 проблемных записей (invalid_customer_id)
2026-06-19 00:38:00,624 - INFO - events: customer_id заменено 0 невалидных значений на -1
2026-06-19 00:38:00,628 - WARNING - events: найдено 116 проблемных записей (invalid_product_id)
2026-06-19 00:38:00,635 - INFO - events: product_id заменено 0 невалидных значений на -1
2026-06-19 00:38:00,637 - INFO - events: 1500 записей
2026-06-19 00:38:00,637 - INFO - Обработка products...
2026-06-19 00:38:00,641 - INFO - products: 601 записей
2026-06-19 00:38:00,648 - INFO - Загрузка данных в Greenplum...
2026-06-19 00:38:00,729 - INFO - Схема dds создана
2026-06-19 00:38:01,176 - INFO - customers загружены: 701 записей
2026-06-19 00:38:01,501 - INFO - orders загружены: 1201 записей
2026-06-19 00:38:01,812 - INFO - payments загружены: 1000 записей
2026-06-19 00:38:02,167 - INFO - events загружены: 1500 записей
2026-06-19 00:38:02,362 - INFO - products загружены: 601 записей
2026-06-19 00:38:02,362 - INFO - ============================================================
2026-06-19 00:38:02,365 - INFO - ETL процесс завершён
2026-06-19 00:38:02,369 - INFO - ============================================================
