2026-06-19 00:43:03,479 - INFO - ============================================================
2026-06-19 00:43:03,480 - INFO - Запуск ETL процесса
2026-06-19 00:43:03,481 - INFO - ============================================================
2026-06-19 00:43:03,482 - INFO - Чтение данных из файлов...
2026-06-19 00:43:03,490 - INFO - customers.csv: 715 записей
2026-06-19 00:43:03,504 - INFO - orders.json: 1220 записей
2026-06-19 00:43:03,509 - INFO - payments.csv: 1012 записей
2026-06-19 00:43:03,576 - INFO - events.xml: 1501 записей
2026-06-19 00:43:03,783 - INFO - products.xlsx: 610 записей
2026-06-19 00:43:03,783 - INFO - Добавление служебных записей...
2026-06-19 00:43:03,789 - INFO - Трансформация данных...
2026-06-19 00:43:03,790 - INFO - Обработка customers...
2026-06-19 00:43:03,797 - WARNING - customers: найдено 154 проблемных записей (empty_phone)
2026-06-19 00:43:03,803 - WARNING - customers: найдено 17 проблемных записей (invalid_date)
2026-06-19 00:43:03,809 - INFO - customers: 701 записей
2026-06-19 00:43:03,810 - INFO - Обработка orders...
2026-06-19 00:43:03,819 - WARNING - orders: найдено 36 проблемных записей (invalid_date)
2026-06-19 00:43:03,833 - WARNING - orders: найдено 68 проблемных записей (invalid_customer_id)
2026-06-19 00:43:03,838 - INFO - orders: customer_id заменено -54 невалидных значений на -1
2026-06-19 00:43:03,846 - WARNING - orders: найдено 93 проблемных записей (invalid_product_id)
2026-06-19 00:43:03,849 - INFO - orders: product_id заменено 0 невалидных значений на -1
2026-06-19 00:43:03,849 - INFO - orders: 1201 записей
2026-06-19 00:43:03,853 - INFO - Обработка payments...
2026-06-19 00:43:03,859 - WARNING - payments: найдено 34 проблемных записей (invalid_amount)
2026-06-19 00:43:03,864 - WARNING - payments: найдено 21 проблемных записей (invalid_date)
2026-06-19 00:43:03,873 - WARNING - payments: найдено 69 проблемных записей (invalid_order_id)
2026-06-19 00:43:03,876 - INFO - payments: order_id заменено 0 невалидных значений на -1
2026-06-19 00:43:03,876 - INFO - payments: 1000 записей
2026-06-19 00:43:03,886 - INFO - Обработка events...
2026-06-19 00:43:03,894 - WARNING - events: найдено 51 проблемных записей (invalid_date)
2026-06-19 00:43:03,904 - WARNING - events: найдено 147 проблемных записей (invalid_customer_id)
2026-06-19 00:43:03,908 - INFO - events: customer_id заменено 0 невалидных значений на -1
2026-06-19 00:43:03,912 - WARNING - events: найдено 116 проблемных записей (invalid_product_id)
2026-06-19 00:43:03,914 - INFO - events: product_id заменено 0 невалидных значений на -1
2026-06-19 00:43:03,915 - INFO - events: 1500 записей
2026-06-19 00:43:03,915 - INFO - Обработка products...
2026-06-19 00:43:03,919 - INFO - products: 601 записей
2026-06-19 00:43:03,922 - INFO - Загрузка данных в Greenplum...
2026-06-19 00:43:03,980 - INFO - Схема dds создана
2026-06-19 00:43:04,364 - INFO - customers загружены: 701 записей
2026-06-19 00:43:04,806 - INFO - orders загружены: 1201 записей
2026-06-19 00:43:05,086 - INFO - payments загружены: 1000 записей
2026-06-19 00:43:05,368 - INFO - events загружены: 1500 записей
2026-06-19 00:43:05,588 - INFO - products загружены: 601 записей
2026-06-19 00:43:05,589 - INFO - ============================================================
2026-06-19 00:43:05,591 - INFO - ETL процесс завершён
2026-06-19 00:43:05,594 - INFO - ============================================================
