2026-06-19 00:29:23,303 - INFO - ============================================================
2026-06-19 00:29:23,303 - INFO - Запуск ETL процесса
2026-06-19 00:29:23,304 - INFO - ============================================================
2026-06-19 00:29:23,304 - INFO - Чтение данных из файлов...
2026-06-19 00:29:23,328 - INFO - customers.csv: 715 записей
2026-06-19 00:29:23,356 - INFO - orders.json: 1220 записей
2026-06-19 00:29:23,362 - INFO - payments.csv: 1012 записей
2026-06-19 00:29:23,495 - INFO - events.xml: 1501 записей
2026-06-19 00:29:23,866 - INFO - products.xlsx: 610 записей
2026-06-19 00:29:23,867 - INFO - Добавление служебных записей Unknown...
2026-06-19 00:29:23,874 - INFO - Трансформация данных...
2026-06-19 00:29:23,875 - INFO - Обработка customers...
2026-06-19 00:29:23,889 - WARNING - customers: найдено 154 проблемных записей (empty_phone)
2026-06-19 00:29:23,895 - WARNING - customers: найдено 17 проблемных записей (invalid_date)
2026-06-19 00:29:23,907 - INFO - customers: 701 записей
2026-06-19 00:29:23,908 - INFO - Обработка orders...
2026-06-19 00:29:23,916 - WARNING - orders: найдено 36 проблемных записей (invalid_date)
2026-06-19 00:29:23,946 - WARNING - orders: найдено 68 проблемных записей (invalid_customer_id)
2026-06-19 00:29:23,955 - INFO - orders: customer_id заменено -54 невалидных значений на -1
2026-06-19 00:29:23,960 - WARNING - orders: найдено 93 проблемных записей (invalid_product_id)
2026-06-19 00:29:23,964 - INFO - orders: product_id заменено 0 невалидных значений на -1
2026-06-19 00:29:23,967 - INFO - orders: 1201 записей
2026-06-19 00:29:23,968 - INFO - Обработка payments...
2026-06-19 00:29:23,985 - WARNING - payments: найдено 34 проблемных записей (invalid_amount)
2026-06-19 00:29:23,993 - WARNING - payments: найдено 21 проблемных записей (invalid_date)
2026-06-19 00:29:24,005 - WARNING - payments: найдено 69 проблемных записей (invalid_order_id)
2026-06-19 00:29:24,007 - INFO - payments: order_id заменено 0 невалидных значений на -1
2026-06-19 00:29:24,008 - INFO - payments: 1000 записей
2026-06-19 00:29:24,013 - INFO - Обработка events...
2026-06-19 00:29:24,019 - WARNING - events: найдено 51 проблемных записей (invalid_date)
2026-06-19 00:29:24,038 - WARNING - events: найдено 147 проблемных записей (invalid_customer_id)
2026-06-19 00:29:24,042 - INFO - events: customer_id заменено 0 невалидных значений на -1
2026-06-19 00:29:24,047 - WARNING - events: найдено 116 проблемных записей (invalid_product_id)
2026-06-19 00:29:24,050 - INFO - events: product_id заменено 0 невалидных значений на -1
2026-06-19 00:29:24,050 - INFO - events: 1500 записей
2026-06-19 00:29:24,062 - INFO - Обработка products...
2026-06-19 00:29:24,065 - INFO - products: 601 записей
2026-06-19 00:29:24,074 - INFO - Загрузка данных в Greenplum...
2026-06-19 00:29:24,144 - INFO - Схема dds создана
2026-06-19 00:29:24,629 - INFO - customers загружены: 701 записей
2026-06-19 00:29:24,978 - INFO - orders загружены: 1201 записей
2026-06-19 00:29:25,231 - INFO - payments загружены: 1000 записей
2026-06-19 00:29:25,488 - INFO - events загружены: 1500 записей
2026-06-19 00:29:25,767 - INFO - products загружены: 601 записей
2026-06-19 00:29:25,768 - INFO - ============================================================
2026-06-19 00:29:25,770 - INFO - ETL процесс завершён
2026-06-19 00:29:25,772 - INFO - ============================================================
